Using pre-set license
Built from '2020.3/staging' branch; Version is '2020.3.6f1 (338bb68529b2) revision 3378102'; Using compiler version '192528614'; Build Type 'Release'
OS: 'Windows 10 Home; OS build 19043.1165; Version 2009; 64bit' Language: 'en' Physical Memory: 16226 MB
BatchMode: 1, IsHumanControllingUs: 0, StartBugReporterOnCrash: 0, Is64bit: 1, IsPro: 0

 COMMAND LINE ARGUMENTS:
C:\Program Files\Unity\Hub\Editor\2020.3.6f1\Editor\Unity.exe
-adb2
-batchMode
-noUpm
-name
AssetImportWorker2
-projectPath
D:/PPs/SEA Jam 2021/Takorebi-SEA-JAM
-logFile
Logs/AssetImportWorker2.log
-srvPort
6279
Successfully changed project path to: D:/PPs/SEA Jam 2021/Takorebi-SEA-JAM
D:/PPs/SEA Jam 2021/Takorebi-SEA-JAM
Using Asset Import Pipeline V2.
Refreshing native plugins compatible for Editor in 166.44 ms, found 0 plugins.
Preloading 0 native plugins for Editor in 0.00 ms.
Initialize engine version: 2020.3.6f1 (338bb68529b2)
[Subsystems] Discovering subsystems at path C:/Program Files/Unity/Hub/Editor/2020.3.6f1/Editor/Data/Resources/UnitySubsystems
[Subsystems] Discovering subsystems at path D:/PPs/SEA Jam 2021/Takorebi-SEA-JAM/Assets
GfxDevice: creating device client; threaded=0
Direct3D:
    Version:  Direct3D 11.0 [level 11.1]
    Renderer: NVIDIA GeForce GTX 1060 (ID=0x1c20)
    Vendor:   
    VRAM:     6052 MB
    Driver:   30.0.14.7141
Initialize mono
Mono path[0] = 'C:/Program Files/Unity/Hub/Editor/2020.3.6f1/Editor/Data/Managed'
Mono path[1] = 'C:/Program Files/Unity/Hub/Editor/2020.3.6f1/Editor/Data/MonoBleedingEdge/lib/mono/unityjit'
Mono config path = 'C:/Program Files/Unity/Hub/Editor/2020.3.6f1/Editor/Data/MonoBleedingEdge/etc'
Using monoOptions --debugger-agent=transport=dt_socket,embedding=1,server=y,suspend=n,address=127.0.0.1:56076
Begin MonoManager ReloadAssembly
Registering precompiled unity dll's ...
Register platform support module: C:/Program Files/Unity/Hub/Editor/2020.3.6f1/Editor/Data/PlaybackEngines/WebGLSupport/UnityEditor.WebGL.Extensions.dll
Register platform support module: C:/Program Files/Unity/Hub/Editor/2020.3.6f1/Editor/Data/PlaybackEngines/WindowsStandaloneSupport/UnityEditor.WindowsStandalone.Extensions.dll
Registered in 0.005667 seconds.
Native extension for WindowsStandalone target not found
Native extension for WebGL target not found
Refreshing native plugins compatible for Editor in 122.05 ms, found 0 plugins.
Preloading 0 native plugins for Editor in 0.00 ms.
Mono: successfully reloaded assembly
- Completed reload, in  6.218 seconds
Platform modules already initialized, skipping
Registering precompiled user dll's ...
Registered in 0.003545 seconds.
Begin MonoManager ReloadAssembly
Native extension for WindowsStandalone target not found
Native extension for WebGL target not found
Refreshing native plugins compatible for Editor in 59.94 ms, found 0 plugins.
Preloading 0 native plugins for Editor in 0.00 ms.
Mono: successfully reloaded assembly
- Completed reload, in  2.575 seconds
Platform modules already initialized, skipping
========================================================================
Worker process is ready to serve import requests
Shader 'Universal Render Pipeline/Particles/Lit': fallback shader 'Universal Render Pipeline/Particles/SimpleLit' not found
Shader 'Universal Render Pipeline/Particles/Lit': fallback shader 'Universal Render Pipeline/Particles/SimpleLit' not found
Launched and connected shader compiler UnityShaderCompiler.exe after 0.12 seconds
Refreshing native plugins compatible for Editor in 0.37 ms, found 0 plugins.
Preloading 0 native plugins for Editor in 0.00 ms.
Unloading 2421 Unused Serialized files (Serialized files now loaded: 0)
System memory in use before: 113.5 MB.
System memory in use after: 110.7 MB.

Unloading 45 unused Assets to reduce memory usage. Loaded Objects now: 2827.
Total: 3.762900 ms (FindLiveObjects: 0.220100 ms CreateObjectMapping: 0.131400 ms MarkObjects: 1.959300 ms  DeleteObjects: 1.450600 ms)

========================================================================
Received Import Request.
  path: Assets/Scenes
  artifactKey: Guid(c1b46a56bc27d7b4ca0a0a6a0c4cc949) Importer(815301076,1909f56bfc062723c751e8b465ee728b)
Start importing Assets/Scenes using Guid(c1b46a56bc27d7b4ca0a0a6a0c4cc949) Importer(815301076,1909f56bfc062723c751e8b465ee728b)  -> (artifact id: 'fdf125cd34c357e0ad6157ae015fba07') in 0.014546 seconds
  Import took 0.053838 seconds .

========================================================================
Received Import Request.
  Time since last request: 360.482877 seconds.
  path: Assets/Scenes/Game.unity
  artifactKey: Guid(f83fa9aa46080314090b4bbe812f6353) Importer(815301076,1909f56bfc062723c751e8b465ee728b)
Start importing Assets/Scenes/Game.unity using Guid(f83fa9aa46080314090b4bbe812f6353) Importer(815301076,1909f56bfc062723c751e8b465ee728b)  -> (artifact id: 'ad5c047950c88112ab479b40213a8f0d') in 0.054009 seconds
  Import took 0.089096 seconds .

========================================================================
Received Import Request.
  Time since last request: 0.000683 seconds.
  path: Assets/Scenes/Game.unity
  artifactKey: Guid(f83fa9aa46080314090b4bbe812f6353) Importer(815301076,1909f56bfc062723c751e8b465ee728b)
Start importing Assets/Scenes/Game.unity using Guid(f83fa9aa46080314090b4bbe812f6353) Importer(815301076,1909f56bfc062723c751e8b465ee728b)  -> (artifact id: 'ad5c047950c88112ab479b40213a8f0d') in 0.005313 seconds
  Import took 0.011658 seconds .

========================================================================
Received Import Request.
  Time since last request: 25.616582 seconds.
  path: Assets/Presets/AudioCompressedInMemory.preset
  artifactKey: Guid(2dd802e4d37c65149922028d3e973832) Importer(815301076,1909f56bfc062723c751e8b465ee728b)
Start importing Assets/Presets/AudioCompressedInMemory.preset using Guid(2dd802e4d37c65149922028d3e973832) Importer(815301076,1909f56bfc062723c751e8b465ee728b)  -> (artifact id: '439c2fec0c64ca7fdfdafd1b5e4673fd') in 0.091686 seconds
  Import took 0.157983 seconds .

========================================================================
Received Import Request.
  Time since last request: 0.000422 seconds.
  path: Assets/Presets/AudioStreaming.preset
  artifactKey: Guid(86bcce7f5575b54408aa0f3a7d321039) Importer(815301076,1909f56bfc062723c751e8b465ee728b)
Start importing Assets/Presets/AudioStreaming.preset using Guid(86bcce7f5575b54408aa0f3a7d321039) Importer(815301076,1909f56bfc062723c751e8b465ee728b)  -> (artifact id: 'acc3d3bfe3f3a8617843ccbd8aef9a36') in 0.073072 seconds
  Import took 0.081255 seconds .

========================================================================
Received Import Request.
  Time since last request: 0.000531 seconds.
  path: Assets/Presets/NormalTexture.preset
  artifactKey: Guid(14a57cf3b9fa1c74b884aa7e0dcf1faa) Importer(815301076,1909f56bfc062723c751e8b465ee728b)
Start importing Assets/Presets/NormalTexture.preset using Guid(14a57cf3b9fa1c74b884aa7e0dcf1faa) Importer(815301076,1909f56bfc062723c751e8b465ee728b)  -> (artifact id: 'b518cde7da1eb7ce7096b4c5a8659286') in 0.086529 seconds
  Import took 0.114327 seconds .

========================================================================
Received Import Request.
  Time since last request: 0.001345 seconds.
  path: Assets/Presets/UtilityTexture.preset
  artifactKey: Guid(45f7b2e3c78185248b3adbb14429c2ab) Importer(815301076,1909f56bfc062723c751e8b465ee728b)
Start importing Assets/Presets/UtilityTexture.preset using Guid(45f7b2e3c78185248b3adbb14429c2ab) Importer(815301076,1909f56bfc062723c751e8b465ee728b)  -> (artifact id: 'd43a0b3f92f8edeb5e7460f2e609a243') in 0.092951 seconds
  Import took 0.136097 seconds .

========================================================================
Received Import Request.
  Time since last request: 0.125679 seconds.
  path: Assets/Materials/Skybox_Mat.mat
  artifactKey: Guid(0ffaa0b7117ba8c47a9d05ae701d4b4d) Importer(815301076,1909f56bfc062723c751e8b465ee728b)
Start importing Assets/Materials/Skybox_Mat.mat using Guid(0ffaa0b7117ba8c47a9d05ae701d4b4d) Importer(815301076,1909f56bfc062723c751e8b465ee728b)  -> (artifact id: '0c78ca3ff60631bfbb4287b5a9d2fb93') in 1.143705 seconds
  Import took 1.162647 seconds .

========================================================================
Received Import Request.
  Time since last request: 3.838100 seconds.
  path: Assets/Settings/ForwardRenderer.asset
  artifactKey: Guid(4a8e21d5c33334b11b34a596161b9360) Importer(815301076,1909f56bfc062723c751e8b465ee728b)
Start importing Assets/Settings/ForwardRenderer.asset using Guid(4a8e21d5c33334b11b34a596161b9360) Importer(815301076,1909f56bfc062723c751e8b465ee728b)  -> (artifact id: '64f1b721b9033386cc7ae3639309a8f1') in 0.008528 seconds
  Import took 0.048128 seconds .

========================================================================
Received Import Request.
  Time since last request: 0.000392 seconds.
  path: Assets/Settings/SampleSceneProfile.asset
  artifactKey: Guid(10fc4df2da32a41aaa32d77bc913491c) Importer(815301076,1909f56bfc062723c751e8b465ee728b)
Start importing Assets/Settings/SampleSceneProfile.asset using Guid(10fc4df2da32a41aaa32d77bc913491c) Importer(815301076,1909f56bfc062723c751e8b465ee728b)  -> (artifact id: '9bd374f5fabea6b04aae2ea3df84fbd1') in 0.022420 seconds
  Import took 0.103560 seconds .

========================================================================
Received Import Request.
  Time since last request: 0.000460 seconds.
  path: Assets/Settings/UniversalRP-LowQuality.asset
  artifactKey: Guid(a31e9f9f9c9d4b9429ed0d1234e22103) Importer(815301076,1909f56bfc062723c751e8b465ee728b)
Start importing Assets/Settings/UniversalRP-LowQuality.asset using Guid(a31e9f9f9c9d4b9429ed0d1234e22103) Importer(815301076,1909f56bfc062723c751e8b465ee728b)  -> (artifact id: '3acdd0a2f2c20fa28ac09540cf5be146') in 0.009705 seconds
  Import took 0.056530 seconds .

========================================================================
Received Import Request.
  Time since last request: 0.000353 seconds.
  path: Assets/Settings/UniversalRP-MediumQuality.asset
  artifactKey: Guid(d847b876476d3d6468f5dfcd34266f96) Importer(815301076,1909f56bfc062723c751e8b465ee728b)
Start importing Assets/Settings/UniversalRP-MediumQuality.asset using Guid(d847b876476d3d6468f5dfcd34266f96) Importer(815301076,1909f56bfc062723c751e8b465ee728b)  -> (artifact id: 'e0c9662a3a8bb7b6cf47a32505d29682') in 0.008683 seconds
  Import took 0.043986 seconds .

========================================================================
Received Import Request.
  Time since last request: 0.000445 seconds.
  path: Assets/Settings/UniversalRP-HighQuality.asset
  artifactKey: Guid(19ba41d7c0026c3459d37c2fe90c55a0) Importer(815301076,1909f56bfc062723c751e8b465ee728b)
Start importing Assets/Settings/UniversalRP-HighQuality.asset using Guid(19ba41d7c0026c3459d37c2fe90c55a0) Importer(815301076,1909f56bfc062723c751e8b465ee728b)  -> (artifact id: '5b99675a4c60703951a6cc20eda419bf') in 0.037483 seconds
  Import took 0.079404 seconds .

========================================================================
Received Import Request.
  Time since last request: 3.577009 seconds.
  path: Assets/Materials
  artifactKey: Guid(d0234ba368eeec9418390da711bfdad0) Importer(815301076,1909f56bfc062723c751e8b465ee728b)
Start importing Assets/Materials using Guid(d0234ba368eeec9418390da711bfdad0) Importer(815301076,1909f56bfc062723c751e8b465ee728b)  -> (artifact id: 'd8beee5a270c09a4d67f07e28c00e694') in 0.023615 seconds
  Import took 0.086640 seconds .

========================================================================
Received Import Request.
  Time since last request: 11.017579 seconds.
  path: Assets/Materials/Placeholder Plane.mat
  artifactKey: Guid(19b9a2ba53394de40a9fe0304b2c417c) Importer(815301076,1909f56bfc062723c751e8b465ee728b)
Start importing Assets/Materials/Placeholder Plane.mat using Guid(19b9a2ba53394de40a9fe0304b2c417c) Importer(815301076,1909f56bfc062723c751e8b465ee728b)  -> (artifact id: '4f247fdab3c5df01dcc3c5af073a2034') in 0.028796 seconds
  Import took 0.043545 seconds .

========================================================================
Received Import Request.
  Time since last request: 231.518930 seconds.
  path: Assets
  artifactKey: Guid(00000000000000001000000000000000) Importer(815301076,1909f56bfc062723c751e8b465ee728b)
Start importing Assets using Guid(00000000000000001000000000000000) Importer(815301076,1909f56bfc062723c751e8b465ee728b)  -> (artifact id: '2c602d4445bd9e0e517b9a7c882a2249') in 0.007886 seconds
  Import took 0.058458 seconds .

========================================================================
Received Import Request.
  Time since last request: 6.088538 seconds.
  path: Assets/Sprites
  artifactKey: Guid(3b5f29254fa3d424b8643c67a45fffcc) Importer(815301076,1909f56bfc062723c751e8b465ee728b)
Start importing Assets/Sprites using Guid(3b5f29254fa3d424b8643c67a45fffcc) Importer(815301076,1909f56bfc062723c751e8b465ee728b)  -> (artifact id: '61af29f647e8876eaf3ce74e41dedb17') in 0.008256 seconds
  Import took 0.019805 seconds .

========================================================================
Received Import Request.
  Time since last request: 7.067116 seconds.
  path: Assets/Sprites/Placeholder
  artifactKey: Guid(b4ac34f951f79c9429ea94658d2b730f) Importer(815301076,1909f56bfc062723c751e8b465ee728b)
Start importing Assets/Sprites/Placeholder using Guid(b4ac34f951f79c9429ea94658d2b730f) Importer(815301076,1909f56bfc062723c751e8b465ee728b)  -> (artifact id: 'f3ac1e28916faa61458c1671e726c887') in 0.006905 seconds
  Import took 0.024040 seconds .

========================================================================
Received Import Request.
  Time since last request: 34.840982 seconds.
  path: Assets/Sprites/Placeholder/Mortal_Walk_SpriteSheet.png
  artifactKey: Guid(67eef4cb0966c08458e4147d4a4a0420) Importer(815301076,1909f56bfc062723c751e8b465ee728b)
Start importing Assets/Sprites/Placeholder/Mortal_Walk_SpriteSheet.png using Guid(67eef4cb0966c08458e4147d4a4a0420) Importer(815301076,1909f56bfc062723c751e8b465ee728b)  -> (artifact id: '6535b102a91e79162b7b621e25ea2303') in 0.047861 seconds
  Import took 0.052950 seconds .

========================================================================
Received Import Request.
  Time since last request: 8.008869 seconds.
  path: Assets/Sprites/Placeholder/Mortal_Walk_SpriteSheet.png
  artifactKey: Guid(67eef4cb0966c08458e4147d4a4a0420) Importer(815301076,1909f56bfc062723c751e8b465ee728b)
Start importing Assets/Sprites/Placeholder/Mortal_Walk_SpriteSheet.png using Guid(67eef4cb0966c08458e4147d4a4a0420) Importer(815301076,1909f56bfc062723c751e8b465ee728b)  -> (artifact id: 'fadbaf2f02b76515f822c3283b6599ec') in 0.137741 seconds
  Import took 0.164936 seconds .

========================================================================
Received Import Request.
  Time since last request: 19.962863 seconds.
  path: Assets/Sprites/Placeholder/Mortal_Jump_Downward_Spritesheet.png
  artifactKey: Guid(bb0f6bcd73c85c944965b25601429daf) Importer(815301076,1909f56bfc062723c751e8b465ee728b)
Start importing Assets/Sprites/Placeholder/Mortal_Jump_Downward_Spritesheet.png using Guid(bb0f6bcd73c85c944965b25601429daf) Importer(815301076,1909f56bfc062723c751e8b465ee728b)  -> (artifact id: '17403a405121a1801093864a2dbba863') in 0.019885 seconds
  Import took 0.051054 seconds .

========================================================================
Received Import Request.
  Time since last request: 0.000496 seconds.
  path: Assets/Sprites/Placeholder/spritesheet (1).png
  artifactKey: Guid(d7cc48c68a65514428fc88608457cb71) Importer(815301076,1909f56bfc062723c751e8b465ee728b)
Start importing Assets/Sprites/Placeholder/spritesheet (1).png using Guid(d7cc48c68a65514428fc88608457cb71) Importer(815301076,1909f56bfc062723c751e8b465ee728b)  -> (artifact id: '7f2646254519a457af0abdd9606ce147') in 0.018324 seconds
  Import took 0.047456 seconds .

========================================================================
Received Import Request.
  Time since last request: 0.000685 seconds.
  path: Assets/Sprites/Placeholder/Mortal_Jump_Upward_Spritesheet.png
  artifactKey: Guid(6a7fbffd62a026f4fb7ada4e14586803) Importer(815301076,1909f56bfc062723c751e8b465ee728b)
Start importing Assets/Sprites/Placeholder/Mortal_Jump_Upward_Spritesheet.png using Guid(6a7fbffd62a026f4fb7ada4e14586803) Importer(815301076,1909f56bfc062723c751e8b465ee728b)  -> (artifact id: '16f64bdbaaa4b96b4fa680348d7256be') in 0.028455 seconds
  Import took 0.038432 seconds .

========================================================================
Received Import Request.
  Time since last request: 12.630345 seconds.
  path: Assets/Sprites/Placeholder/Mortal_Jump_Upward_Spritesheet.png
  artifactKey: Guid(6a7fbffd62a026f4fb7ada4e14586803) Importer(815301076,1909f56bfc062723c751e8b465ee728b)
Start importing Assets/Sprites/Placeholder/Mortal_Jump_Upward_Spritesheet.png using Guid(6a7fbffd62a026f4fb7ada4e14586803) Importer(815301076,1909f56bfc062723c751e8b465ee728b)  -> (artifact id: '82e9235de991ca645e4e1d2fa4095a7f') in 0.021214 seconds
  Import took 0.030867 seconds .

========================================================================
Received Import Request.
  Time since last request: 0.026676 seconds.
  path: Assets/Sprites/Placeholder/Mortal_Jump_Downward_Spritesheet.png
  artifactKey: Guid(bb0f6bcd73c85c944965b25601429daf) Importer(815301076,1909f56bfc062723c751e8b465ee728b)
Start importing Assets/Sprites/Placeholder/Mortal_Jump_Downward_Spritesheet.png using Guid(bb0f6bcd73c85c944965b25601429daf) Importer(815301076,1909f56bfc062723c751e8b465ee728b)  -> (artifact id: 'cf63f09432d9bc979602ca9171dc05d7') in 0.019923 seconds
  Import took 0.029712 seconds .

========================================================================
Received Import Request.
  Time since last request: 0.000454 seconds.
  path: Assets/Sprites/Placeholder/spritesheet (1).png
  artifactKey: Guid(d7cc48c68a65514428fc88608457cb71) Importer(815301076,1909f56bfc062723c751e8b465ee728b)
Start importing Assets/Sprites/Placeholder/spritesheet (1).png using Guid(d7cc48c68a65514428fc88608457cb71) Importer(815301076,1909f56bfc062723c751e8b465ee728b)  -> (artifact id: '6937add9bf0d966c8a593ba943c1aa30') in 0.045703 seconds
  Import took 0.085757 seconds .

========================================================================
Received Prepare
Registering precompiled user dll's ...
Registered in 0.002285 seconds.
Begin MonoManager ReloadAssembly
Native extension for WindowsStandalone target not found
Native extension for WebGL target not found
Refreshing native plugins compatible for Editor in 1.31 ms, found 0 plugins.
Preloading 0 native plugins for Editor in 0.00 ms.
Mono: successfully reloaded assembly
- Completed reload, in  3.525 seconds
Platform modules already initialized, skipping
Shader 'Universal Render Pipeline/Particles/Lit': fallback shader 'Universal Render Pipeline/Particles/SimpleLit' not found
Shader 'Universal Render Pipeline/Particles/Lit': fallback shader 'Universal Render Pipeline/Particles/SimpleLit' not found
Refreshing native plugins compatible for Editor in 0.57 ms, found 0 plugins.
Preloading 0 native plugins for Editor in 0.00 ms.
Unloading 2382 Unused Serialized files (Serialized files now loaded: 0)
System memory in use before: 116.5 MB.
System memory in use after: 113.8 MB.

Unloading 40 unused Assets to reduce memory usage. Loaded Objects now: 2951.
Total: 4.681000 ms (FindLiveObjects: 0.333100 ms CreateObjectMapping: 0.196000 ms MarkObjects: 2.407700 ms  DeleteObjects: 1.742900 ms)

========================================================================
Received Import Request.
  Time since last request: 171.296879 seconds.
  path: Assets/Sprites/Placeholder/spritesheet (1).png
  artifactKey: Guid(d7cc48c68a65514428fc88608457cb71) Importer(815301076,1909f56bfc062723c751e8b465ee728b)
Start importing Assets/Sprites/Placeholder/spritesheet (1).png using Guid(d7cc48c68a65514428fc88608457cb71) Importer(815301076,1909f56bfc062723c751e8b465ee728b)  -> (artifact id: '16b81ddd6e7d6aac0a088449fc885825') in 0.190613 seconds
  Import took 0.196133 seconds .

========================================================================
Received Import Request.
  Time since last request: 27.053461 seconds.
  path: Assets/Sprites/Placeholder/Mortal_Walk_SpriteSheet.png
  artifactKey: Guid(67eef4cb0966c08458e4147d4a4a0420) Importer(815301076,1909f56bfc062723c751e8b465ee728b)
Start importing Assets/Sprites/Placeholder/Mortal_Walk_SpriteSheet.png using Guid(67eef4cb0966c08458e4147d4a4a0420) Importer(815301076,1909f56bfc062723c751e8b465ee728b)  -> (artifact id: '4162fe95eccec81a02929c11c6e25d51') in 0.159369 seconds
  Import took 0.259504 seconds .

========================================================================
Received Import Request.
  Time since last request: 17.991902 seconds.
  path: Assets/Sprites/Placeholder/Mortal_Jump_Upward_Spritesheet.png
  artifactKey: Guid(6a7fbffd62a026f4fb7ada4e14586803) Importer(815301076,1909f56bfc062723c751e8b465ee728b)
Start importing Assets/Sprites/Placeholder/Mortal_Jump_Upward_Spritesheet.png using Guid(6a7fbffd62a026f4fb7ada4e14586803) Importer(815301076,1909f56bfc062723c751e8b465ee728b)  -> (artifact id: '8d5dbddeb00c2b101d0bc9d984f990f0') in 0.074602 seconds
  Import took 0.153721 seconds .

========================================================================
Received Import Request.
  Time since last request: 15.749390 seconds.
  path: Assets/Sprites/Placeholder/Mortal_Jump_Downward_Spritesheet.png
  artifactKey: Guid(bb0f6bcd73c85c944965b25601429daf) Importer(815301076,1909f56bfc062723c751e8b465ee728b)
Start importing Assets/Sprites/Placeholder/Mortal_Jump_Downward_Spritesheet.png using Guid(bb0f6bcd73c85c944965b25601429daf) Importer(815301076,1909f56bfc062723c751e8b465ee728b)  -> (artifact id: '016336a7d6f9865d9e833ac630f48580') in 0.045213 seconds
  Import took 0.081582 seconds .

========================================================================
Received Import Request.
  Time since last request: 70.135746 seconds.
  path: Assets/Sprites/Placeholder/Mortal_Walk_SpriteSheet.png
  artifactKey: Guid(67eef4cb0966c08458e4147d4a4a0420) Importer(815301076,1909f56bfc062723c751e8b465ee728b)
Start importing Assets/Sprites/Placeholder/Mortal_Walk_SpriteSheet.png using Guid(67eef4cb0966c08458e4147d4a4a0420) Importer(815301076,1909f56bfc062723c751e8b465ee728b)  -> (artifact id: '4cf2b31615322c89c5853be074fd1c7c') in 0.171171 seconds
  Import took 0.184231 seconds .

========================================================================
Received Import Request.
  Time since last request: 0.000525 seconds.
  path: Assets/Sprites/Placeholder/spritesheet (1).png
  artifactKey: Guid(d7cc48c68a65514428fc88608457cb71) Importer(815301076,1909f56bfc062723c751e8b465ee728b)
Start importing Assets/Sprites/Placeholder/spritesheet (1).png using Guid(d7cc48c68a65514428fc88608457cb71) Importer(815301076,1909f56bfc062723c751e8b465ee728b)  -> (artifact id: '9c7647344610d1d3a567cf1772107454') in 0.104261 seconds
  Import took 0.109574 seconds .

========================================================================
Received Import Request.
  Time since last request: 0.000417 seconds.
  path: Assets/Sprites/Placeholder/Mortal_Jump_Upward_Spritesheet.png
  artifactKey: Guid(6a7fbffd62a026f4fb7ada4e14586803) Importer(815301076,1909f56bfc062723c751e8b465ee728b)
Start importing Assets/Sprites/Placeholder/Mortal_Jump_Upward_Spritesheet.png using Guid(6a7fbffd62a026f4fb7ada4e14586803) Importer(815301076,1909f56bfc062723c751e8b465ee728b)  -> (artifact id: '1787bfa704e6c47dd72bf2f5cb550c04') in 0.060857 seconds
  Import took 0.066688 seconds .

========================================================================
Received Import Request.
  Time since last request: 0.000411 seconds.
  path: Assets/Sprites/Placeholder/Mortal_Jump_Downward_Spritesheet.png
  artifactKey: Guid(bb0f6bcd73c85c944965b25601429daf) Importer(815301076,1909f56bfc062723c751e8b465ee728b)
Start importing Assets/Sprites/Placeholder/Mortal_Jump_Downward_Spritesheet.png using Guid(bb0f6bcd73c85c944965b25601429daf) Importer(815301076,1909f56bfc062723c751e8b465ee728b)  -> (artifact id: '2ef652dd4c7acb5caad606f576984f18') in 0.052328 seconds
  Import took 0.069633 seconds .

========================================================================
Received Import Request.
  Time since last request: 16.964681 seconds.
  path: Assets/Sprites/Placeholder/Mortal_Walk_SpriteSheet.png
  artifactKey: Guid(67eef4cb0966c08458e4147d4a4a0420) Importer(815301076,1909f56bfc062723c751e8b465ee728b)
Start importing Assets/Sprites/Placeholder/Mortal_Walk_SpriteSheet.png using Guid(67eef4cb0966c08458e4147d4a4a0420) Importer(815301076,1909f56bfc062723c751e8b465ee728b)  -> (artifact id: 'c29648f3233a587a039fa571c2343211') in 0.139163 seconds
  Import took 0.148365 seconds .

========================================================================
Received Import Request.
  Time since last request: 0.000411 seconds.
  path: Assets/Sprites/Placeholder/spritesheet (1).png
  artifactKey: Guid(d7cc48c68a65514428fc88608457cb71) Importer(815301076,1909f56bfc062723c751e8b465ee728b)
Start importing Assets/Sprites/Placeholder/spritesheet (1).png using Guid(d7cc48c68a65514428fc88608457cb71) Importer(815301076,1909f56bfc062723c751e8b465ee728b)  -> (artifact id: '09fb82969c86fef76259f43e6439f925') in 0.203707 seconds
  Import took 0.210962 seconds .

========================================================================
Received Import Request.
  Time since last request: 0.000413 seconds.
  path: Assets/Sprites/Placeholder/Mortal_Jump_Upward_Spritesheet.png
  artifactKey: Guid(6a7fbffd62a026f4fb7ada4e14586803) Importer(815301076,1909f56bfc062723c751e8b465ee728b)
Start importing Assets/Sprites/Placeholder/Mortal_Jump_Upward_Spritesheet.png using Guid(6a7fbffd62a026f4fb7ada4e14586803) Importer(815301076,1909f56bfc062723c751e8b465ee728b)  -> (artifact id: '56a984b2978a7bef86af397bdba9d821') in 0.119377 seconds
  Import took 0.128696 seconds .

========================================================================
Received Import Request.
  Time since last request: 0.000416 seconds.
  path: Assets/Sprites/Placeholder/Mortal_Jump_Downward_Spritesheet.png
  artifactKey: Guid(bb0f6bcd73c85c944965b25601429daf) Importer(815301076,1909f56bfc062723c751e8b465ee728b)
Start importing Assets/Sprites/Placeholder/Mortal_Jump_Downward_Spritesheet.png using Guid(bb0f6bcd73c85c944965b25601429daf) Importer(815301076,1909f56bfc062723c751e8b465ee728b)  -> (artifact id: 'b4557e776e1d773e7d184861626f9ca6') in 0.267034 seconds
  Import took 0.298801 seconds .

========================================================================
Received Prepare
Registering precompiled user dll's ...
Registered in 0.002816 seconds.
Begin MonoManager ReloadAssembly
Native extension for WindowsStandalone target not found
Native extension for WebGL target not found
Refreshing native plugins compatible for Editor in 0.41 ms, found 0 plugins.
Preloading 0 native plugins for Editor in 0.00 ms.
Mono: successfully reloaded assembly
- Completed reload, in  1.259 seconds
Platform modules already initialized, skipping
Shader 'Universal Render Pipeline/Particles/Lit': fallback shader 'Universal Render Pipeline/Particles/SimpleLit' not found
Shader 'Universal Render Pipeline/Particles/Lit': fallback shader 'Universal Render Pipeline/Particles/SimpleLit' not found
Refreshing native plugins compatible for Editor in 0.51 ms, found 0 plugins.
Preloading 0 native plugins for Editor in 0.00 ms.
Unloading 2380 Unused Serialized files (Serialized files now loaded: 0)
System memory in use before: 116.6 MB.
System memory in use after: 113.8 MB.

Unloading 40 unused Assets to reduce memory usage. Loaded Objects now: 2965.
Total: 6.805000 ms (FindLiveObjects: 0.368900 ms CreateObjectMapping: 0.229800 ms MarkObjects: 3.932400 ms  DeleteObjects: 2.270700 ms)

========================================================================
Received Import Request.
  Time since last request: 385.575739 seconds.
  path: Assets/Scripts
  artifactKey: Guid(02a3527b6b33a924e8ec66aa805ea717) Importer(815301076,1909f56bfc062723c751e8b465ee728b)
Start importing Assets/Scripts using Guid(02a3527b6b33a924e8ec66aa805ea717) Importer(815301076,1909f56bfc062723c751e8b465ee728b)  -> (artifact id: '232ef37dc85f87a37df27b12954ac0c1') in 0.013265 seconds
  Import took 0.019157 seconds .

========================================================================
Received Import Request.
  Time since last request: 7.070683 seconds.
  path: Assets/Scripts/PlayerController.cs
  artifactKey: Guid(116a1163dba3ae94283b2d14bdb214e0) Importer(815301076,1909f56bfc062723c751e8b465ee728b)
Start importing Assets/Scripts/PlayerController.cs using Guid(116a1163dba3ae94283b2d14bdb214e0) Importer(815301076,1909f56bfc062723c751e8b465ee728b)  -> (artifact id: '8844a8e105700cb8c6dc04fb511d0b95') in 0.022955 seconds
  Import took 0.028296 seconds .

========================================================================
Received Prepare
Registering precompiled user dll's ...
Registered in 0.001778 seconds.
Begin MonoManager ReloadAssembly
Native extension for WindowsStandalone target not found
Native extension for WebGL target not found
Refreshing native plugins compatible for Editor in 0.39 ms, found 0 plugins.
Preloading 0 native plugins for Editor in 0.00 ms.
Mono: successfully reloaded assembly
- Completed reload, in  3.377 seconds
Platform modules already initialized, skipping
Shader 'Universal Render Pipeline/Particles/Lit': fallback shader 'Universal Render Pipeline/Particles/SimpleLit' not found
Shader 'Universal Render Pipeline/Particles/Lit': fallback shader 'Universal Render Pipeline/Particles/SimpleLit' not found
Refreshing native plugins compatible for Editor in 0.44 ms, found 0 plugins.
Preloading 0 native plugins for Editor in 0.00 ms.
Unloading 2381 Unused Serialized files (Serialized files now loaded: 0)
System memory in use before: 116.7 MB.
System memory in use after: 113.9 MB.

Unloading 40 unused Assets to reduce memory usage. Loaded Objects now: 2969.
Total: 5.267100 ms (FindLiveObjects: 0.289900 ms CreateObjectMapping: 0.164200 ms MarkObjects: 3.033100 ms  DeleteObjects: 1.777900 ms)

========================================================================
Received Import Request.
  Time since last request: 179.307396 seconds.
  path: Assets/Scripts/PlayerController.cs
  artifactKey: Guid(116a1163dba3ae94283b2d14bdb214e0) Importer(815301076,1909f56bfc062723c751e8b465ee728b)
Start importing Assets/Scripts/PlayerController.cs using Guid(116a1163dba3ae94283b2d14bdb214e0) Importer(815301076,1909f56bfc062723c751e8b465ee728b)  -> (artifact id: '6ab590cfff1a5e782de3632a0c9da0b7') in 0.004755 seconds
  Import took 0.026709 seconds .

========================================================================
Received Prepare
Registering precompiled user dll's ...
Registered in 0.001788 seconds.
Begin MonoManager ReloadAssembly
Native extension for WindowsStandalone target not found
Native extension for WebGL target not found
Refreshing native plugins compatible for Editor in 0.49 ms, found 0 plugins.
Preloading 0 native plugins for Editor in 0.00 ms.
Mono: successfully reloaded assembly
- Completed reload, in  1.545 seconds
Platform modules already initialized, skipping
Shader 'Universal Render Pipeline/Particles/Lit': fallback shader 'Universal Render Pipeline/Particles/SimpleLit' not found
Shader 'Universal Render Pipeline/Particles/Lit': fallback shader 'Universal Render Pipeline/Particles/SimpleLit' not found
Refreshing native plugins compatible for Editor in 0.48 ms, found 0 plugins.
Preloading 0 native plugins for Editor in 0.00 ms.
Unloading 2381 Unused Serialized files (Serialized files now loaded: 0)
System memory in use before: 116.6 MB.
System memory in use after: 113.9 MB.

Unloading 40 unused Assets to reduce memory usage. Loaded Objects now: 2972.
Total: 5.004500 ms (FindLiveObjects: 0.271200 ms CreateObjectMapping: 0.151600 ms MarkObjects: 2.785700 ms  DeleteObjects: 1.794800 ms)

========================================================================
Received Prepare
Registering precompiled user dll's ...
Registered in 0.003674 seconds.
Begin MonoManager ReloadAssembly
Native extension for WindowsStandalone target not found
Native extension for WebGL target not found
Refreshing native plugins compatible for Editor in 1.24 ms, found 0 plugins.
Preloading 0 native plugins for Editor in 0.00 ms.
Mono: successfully reloaded assembly
- Completed reload, in  2.143 seconds
Platform modules already initialized, skipping
Shader 'Universal Render Pipeline/Particles/Lit': fallback shader 'Universal Render Pipeline/Particles/SimpleLit' not found
Shader 'Universal Render Pipeline/Particles/Lit': fallback shader 'Universal Render Pipeline/Particles/SimpleLit' not found
Refreshing native plugins compatible for Editor in 0.83 ms, found 0 plugins.
Preloading 0 native plugins for Editor in 0.00 ms.
Unloading 2381 Unused Serialized files (Serialized files now loaded: 0)
System memory in use before: 116.6 MB.
System memory in use after: 113.8 MB.

Unloading 40 unused Assets to reduce memory usage. Loaded Objects now: 2975.
Total: 6.998100 ms (FindLiveObjects: 0.352300 ms CreateObjectMapping: 0.213800 ms MarkObjects: 3.260500 ms  DeleteObjects: 3.169400 ms)

========================================================================
Received Import Request.
  Time since last request: 85.173991 seconds.
  path: Assets/Animations/Sprite.controller
  artifactKey: Guid(d0db0f65041832a4082889c4ca9341b5) Importer(815301076,1909f56bfc062723c751e8b465ee728b)
Start importing Assets/Animations/Sprite.controller using Guid(d0db0f65041832a4082889c4ca9341b5) Importer(815301076,1909f56bfc062723c751e8b465ee728b)  -> (artifact id: 'c1786527998be9d5d72d7394e7d0eac5') in 0.025448 seconds
  Import took 0.049173 seconds .

========================================================================
Received Prepare
Registering precompiled user dll's ...
Registered in 0.002279 seconds.
Begin MonoManager ReloadAssembly
Native extension for WindowsStandalone target not found
Native extension for WebGL target not found
Refreshing native plugins compatible for Editor in 0.54 ms, found 0 plugins.
Preloading 0 native plugins for Editor in 0.00 ms.
Mono: successfully reloaded assembly
- Completed reload, in  1.697 seconds
Platform modules already initialized, skipping
Shader 'Universal Render Pipeline/Particles/Lit': fallback shader 'Universal Render Pipeline/Particles/SimpleLit' not found
Shader 'Universal Render Pipeline/Particles/Lit': fallback shader 'Universal Render Pipeline/Particles/SimpleLit' not found
Refreshing native plugins compatible for Editor in 0.51 ms, found 0 plugins.
Preloading 0 native plugins for Editor in 0.00 ms.
Unloading 2381 Unused Serialized files (Serialized files now loaded: 0)
System memory in use before: 116.7 MB.
System memory in use after: 113.9 MB.

Unloading 40 unused Assets to reduce memory usage. Loaded Objects now: 2978.
Total: 5.831500 ms (FindLiveObjects: 0.309100 ms CreateObjectMapping: 0.149800 ms MarkObjects: 3.568400 ms  DeleteObjects: 1.802800 ms)

========================================================================
Received Import Request.
  Time since last request: 106.099376 seconds.
  path: Assets/Sprites/Placeholder/Mortal_Walk_SpriteSheet 1.png
  artifactKey: Guid(258583149e690684da749a35716f9af2) Importer(815301076,1909f56bfc062723c751e8b465ee728b)
Start importing Assets/Sprites/Placeholder/Mortal_Walk_SpriteSheet 1.png using Guid(258583149e690684da749a35716f9af2) Importer(815301076,1909f56bfc062723c751e8b465ee728b)  -> (artifact id: '43b40672f1591b95ae8c1034fa78e73e') in 0.171702 seconds
  Import took 0.178161 seconds .

========================================================================
Received Import Request.
  Time since last request: 51.540160 seconds.
  path: Assets/Animations/Sprite.controller
  artifactKey: Guid(d0db0f65041832a4082889c4ca9341b5) Importer(815301076,1909f56bfc062723c751e8b465ee728b)
Start importing Assets/Animations/Sprite.controller using Guid(d0db0f65041832a4082889c4ca9341b5) Importer(815301076,1909f56bfc062723c751e8b465ee728b)  -> (artifact id: 'e622b766e02463733181a5eff480be47') in 0.009748 seconds
  Import took 0.040021 seconds .

========================================================================
Received Import Request.
  Time since last request: 1.926284 seconds.
  path: Assets/Animations/PlaceholderWalk.anim
  artifactKey: Guid(38623f8d8cd4a3649a8b87b04a0fec98) Importer(815301076,1909f56bfc062723c751e8b465ee728b)
Start importing Assets/Animations/PlaceholderWalk.anim using Guid(38623f8d8cd4a3649a8b87b04a0fec98) Importer(815301076,1909f56bfc062723c751e8b465ee728b)  -> (artifact id: 'c040b1e3040422b295c2f01f44cd2ca6') in 0.012832 seconds
  Import took 0.050443 seconds .

========================================================================
Received Import Request.
  Time since last request: 0.000907 seconds.
  path: Assets/Animations/PlaceholderWalk.anim
  artifactKey: Guid(38623f8d8cd4a3649a8b87b04a0fec98) Importer(815301076,1909f56bfc062723c751e8b465ee728b)
Start importing Assets/Animations/PlaceholderWalk.anim using Guid(38623f8d8cd4a3649a8b87b04a0fec98) Importer(815301076,1909f56bfc062723c751e8b465ee728b)  -> (artifact id: 'c040b1e3040422b295c2f01f44cd2ca6') in 0.013465 seconds
  Import took 0.018535 seconds .

========================================================================
Received Prepare
Registering precompiled user dll's ...
Registered in 0.002135 seconds.
Begin MonoManager ReloadAssembly
Native extension for WindowsStandalone target not found
Native extension for WebGL target not found
Refreshing native plugins compatible for Editor in 0.38 ms, found 0 plugins.
Preloading 0 native plugins for Editor in 0.00 ms.
Mono: successfully reloaded assembly
- Completed reload, in  1.207 seconds
Platform modules already initialized, skipping
Shader 'Universal Render Pipeline/Particles/Lit': fallback shader 'Universal Render Pipeline/Particles/SimpleLit' not found
Shader 'Universal Render Pipeline/Particles/Lit': fallback shader 'Universal Render Pipeline/Particles/SimpleLit' not found
Refreshing native plugins compatible for Editor in 0.44 ms, found 0 plugins.
Preloading 0 native plugins for Editor in 0.00 ms.
Unloading 2381 Unused Serialized files (Serialized files now loaded: 0)
System memory in use before: 116.7 MB.
System memory in use after: 113.9 MB.

Unloading 40 unused Assets to reduce memory usage. Loaded Objects now: 2982.
Total: 4.937700 ms (FindLiveObjects: 0.278700 ms CreateObjectMapping: 0.117600 ms MarkObjects: 2.922900 ms  DeleteObjects: 1.616400 ms)

========================================================================
Received Prepare
Registering precompiled user dll's ...
Registered in 0.001517 seconds.
Begin MonoManager ReloadAssembly
Native extension for WindowsStandalone target not found
Native extension for WebGL target not found
Refreshing native plugins compatible for Editor in 1.16 ms, found 0 plugins.
Preloading 0 native plugins for Editor in 0.00 ms.
Mono: successfully reloaded assembly
- Completed reload, in  3.617 seconds
Platform modules already initialized, skipping
Shader 'Universal Render Pipeline/Particles/Lit': fallback shader 'Universal Render Pipeline/Particles/SimpleLit' not found
Shader 'Universal Render Pipeline/Particles/Lit': fallback shader 'Universal Render Pipeline/Particles/SimpleLit' not found
Refreshing native plugins compatible for Editor in 0.50 ms, found 0 plugins.
Preloading 0 native plugins for Editor in 0.00 ms.
Unloading 2381 Unused Serialized files (Serialized files now loaded: 0)
System memory in use before: 116.6 MB.
System memory in use after: 113.9 MB.

Unloading 40 unused Assets to reduce memory usage. Loaded Objects now: 2985.
Total: 6.471600 ms (FindLiveObjects: 0.338400 ms CreateObjectMapping: 0.178500 ms MarkObjects: 3.768900 ms  DeleteObjects: 2.183700 ms)

========================================================================
Received Prepare
Registering precompiled user dll's ...
Registered in 0.001592 seconds.
Begin MonoManager ReloadAssembly
Native extension for WindowsStandalone target not found
Native extension for WebGL target not found
Refreshing native plugins compatible for Editor in 0.51 ms, found 0 plugins.
Preloading 0 native plugins for Editor in 0.00 ms.
Mono: successfully reloaded assembly
- Completed reload, in  1.489 seconds
Platform modules already initialized, skipping
Shader 'Universal Render Pipeline/Particles/Lit': fallback shader 'Universal Render Pipeline/Particles/SimpleLit' not found
Shader 'Universal Render Pipeline/Particles/Lit': fallback shader 'Universal Render Pipeline/Particles/SimpleLit' not found
Refreshing native plugins compatible for Editor in 0.52 ms, found 0 plugins.
Preloading 0 native plugins for Editor in 0.00 ms.
Unloading 2381 Unused Serialized files (Serialized files now loaded: 0)
System memory in use before: 116.7 MB.
System memory in use after: 113.9 MB.

Unloading 40 unused Assets to reduce memory usage. Loaded Objects now: 2988.
Total: 6.483300 ms (FindLiveObjects: 0.788500 ms CreateObjectMapping: 0.319700 ms MarkObjects: 3.107800 ms  DeleteObjects: 2.263600 ms)

========================================================================
Received Prepare
Registering precompiled user dll's ...
Registered in 0.001584 seconds.
Begin MonoManager ReloadAssembly
Native extension for WindowsStandalone target not found
Native extension for WebGL target not found
Refreshing native plugins compatible for Editor in 0.51 ms, found 0 plugins.
Preloading 0 native plugins for Editor in 0.00 ms.
Mono: successfully reloaded assembly
- Completed reload, in  1.729 seconds
Platform modules already initialized, skipping
Shader 'Universal Render Pipeline/Particles/Lit': fallback shader 'Universal Render Pipeline/Particles/SimpleLit' not found
Shader 'Universal Render Pipeline/Particles/Lit': fallback shader 'Universal Render Pipeline/Particles/SimpleLit' not found
Refreshing native plugins compatible for Editor in 0.60 ms, found 0 plugins.
Preloading 0 native plugins for Editor in 0.00 ms.
Unloading 2381 Unused Serialized files (Serialized files now loaded: 0)
System memory in use before: 116.6 MB.
System memory in use after: 113.9 MB.

Unloading 40 unused Assets to reduce memory usage. Loaded Objects now: 2991.
Total: 5.955700 ms (FindLiveObjects: 0.410800 ms CreateObjectMapping: 0.209300 ms MarkObjects: 2.841300 ms  DeleteObjects: 2.492200 ms)

========================================================================
Received Prepare
Registering precompiled user dll's ...
Registered in 0.001466 seconds.
Begin MonoManager ReloadAssembly
Native extension for WindowsStandalone target not found
Native extension for WebGL target not found
Refreshing native plugins compatible for Editor in 0.49 ms, found 0 plugins.
Preloading 0 native plugins for Editor in 0.00 ms.
Mono: successfully reloaded assembly
- Completed reload, in  1.358 seconds
Platform modules already initialized, skipping
Shader 'Universal Render Pipeline/Particles/Lit': fallback shader 'Universal Render Pipeline/Particles/SimpleLit' not found
Shader 'Universal Render Pipeline/Particles/Lit': fallback shader 'Universal Render Pipeline/Particles/SimpleLit' not found
Refreshing native plugins compatible for Editor in 0.49 ms, found 0 plugins.
Preloading 0 native plugins for Editor in 0.00 ms.
Unloading 2381 Unused Serialized files (Serialized files now loaded: 0)
System memory in use before: 116.7 MB.
System memory in use after: 114.0 MB.

Unloading 40 unused Assets to reduce memory usage. Loaded Objects now: 2994.
Total: 4.923500 ms (FindLiveObjects: 0.332100 ms CreateObjectMapping: 0.186800 ms MarkObjects: 2.471300 ms  DeleteObjects: 1.931200 ms)

========================================================================
Received Prepare
Registering precompiled user dll's ...
Registered in 0.001574 seconds.
Begin MonoManager ReloadAssembly
Native extension for WindowsStandalone target not found
Native extension for WebGL target not found
Refreshing native plugins compatible for Editor in 0.60 ms, found 0 plugins.
Preloading 0 native plugins for Editor in 0.00 ms.
Mono: successfully reloaded assembly
- Completed reload, in  1.491 seconds
Platform modules already initialized, skipping
Shader 'Universal Render Pipeline/Particles/Lit': fallback shader 'Universal Render Pipeline/Particles/SimpleLit' not found
Shader 'Universal Render Pipeline/Particles/Lit': fallback shader 'Universal Render Pipeline/Particles/SimpleLit' not found
Refreshing native plugins compatible for Editor in 0.70 ms, found 0 plugins.
Preloading 0 native plugins for Editor in 0.00 ms.
Unloading 2381 Unused Serialized files (Serialized files now loaded: 0)
System memory in use before: 116.8 MB.
System memory in use after: 114.0 MB.

Unloading 40 unused Assets to reduce memory usage. Loaded Objects now: 2997.
Total: 5.302200 ms (FindLiveObjects: 0.319300 ms CreateObjectMapping: 0.160800 ms MarkObjects: 2.654200 ms  DeleteObjects: 2.166200 ms)

========================================================================
Received Prepare
Registering precompiled user dll's ...
Registered in 0.002105 seconds.
Begin MonoManager ReloadAssembly
Native extension for WindowsStandalone target not found
Native extension for WebGL target not found
Refreshing native plugins compatible for Editor in 0.38 ms, found 0 plugins.
Preloading 0 native plugins for Editor in 0.00 ms.
Mono: successfully reloaded assembly
- Completed reload, in  1.537 seconds
Platform modules already initialized, skipping
Shader 'Universal Render Pipeline/Particles/Lit': fallback shader 'Universal Render Pipeline/Particles/SimpleLit' not found
Shader 'Universal Render Pipeline/Particles/Lit': fallback shader 'Universal Render Pipeline/Particles/SimpleLit' not found
Refreshing native plugins compatible for Editor in 0.53 ms, found 0 plugins.
Preloading 0 native plugins for Editor in 0.00 ms.
Unloading 2381 Unused Serialized files (Serialized files now loaded: 0)
System memory in use before: 116.7 MB.
System memory in use after: 114.0 MB.

Unloading 40 unused Assets to reduce memory usage. Loaded Objects now: 3000.
Total: 6.634400 ms (FindLiveObjects: 0.357700 ms CreateObjectMapping: 0.191300 ms MarkObjects: 3.160700 ms  DeleteObjects: 2.923100 ms)

========================================================================
Received Prepare
Registering precompiled user dll's ...
Registered in 0.001681 seconds.
Begin MonoManager ReloadAssembly
Native extension for WindowsStandalone target not found
Native extension for WebGL target not found
Refreshing native plugins compatible for Editor in 0.58 ms, found 0 plugins.
Preloading 0 native plugins for Editor in 0.00 ms.
Mono: successfully reloaded assembly
- Completed reload, in  1.457 seconds
Platform modules already initialized, skipping
Shader 'Universal Render Pipeline/Particles/Lit': fallback shader 'Universal Render Pipeline/Particles/SimpleLit' not found
Shader 'Universal Render Pipeline/Particles/Lit': fallback shader 'Universal Render Pipeline/Particles/SimpleLit' not found
Refreshing native plugins compatible for Editor in 0.65 ms, found 0 plugins.
Preloading 0 native plugins for Editor in 0.00 ms.
Unloading 2381 Unused Serialized files (Serialized files now loaded: 0)
System memory in use before: 116.7 MB.
System memory in use after: 114.0 MB.

Unloading 40 unused Assets to reduce memory usage. Loaded Objects now: 3003.
Total: 6.671300 ms (FindLiveObjects: 0.628400 ms CreateObjectMapping: 0.272100 ms MarkObjects: 3.172900 ms  DeleteObjects: 2.594600 ms)

========================================================================
Received Prepare
Registering precompiled user dll's ...
Registered in 0.001087 seconds.
Begin MonoManager ReloadAssembly
Native extension for WindowsStandalone target not found
Native extension for WebGL target not found
Refreshing native plugins compatible for Editor in 0.41 ms, found 0 plugins.
Preloading 0 native plugins for Editor in 0.00 ms.
Mono: successfully reloaded assembly
- Completed reload, in  1.451 seconds
Platform modules already initialized, skipping
Shader 'Universal Render Pipeline/Particles/Lit': fallback shader 'Universal Render Pipeline/Particles/SimpleLit' not found
Shader 'Universal Render Pipeline/Particles/Lit': fallback shader 'Universal Render Pipeline/Particles/SimpleLit' not found
Refreshing native plugins compatible for Editor in 0.44 ms, found 0 plugins.
Preloading 0 native plugins for Editor in 0.00 ms.
Unloading 2381 Unused Serialized files (Serialized files now loaded: 0)
System memory in use before: 116.7 MB.
System memory in use after: 113.9 MB.

Unloading 40 unused Assets to reduce memory usage. Loaded Objects now: 3006.
Total: 5.362200 ms (FindLiveObjects: 0.337300 ms CreateObjectMapping: 0.192700 ms MarkObjects: 2.878200 ms  DeleteObjects: 1.952500 ms)

========================================================================
Received Prepare
Registering precompiled user dll's ...
Registered in 0.001479 seconds.
Begin MonoManager ReloadAssembly
Native extension for WindowsStandalone target not found
Native extension for WebGL target not found
Refreshing native plugins compatible for Editor in 0.40 ms, found 0 plugins.
Preloading 0 native plugins for Editor in 0.00 ms.
Mono: successfully reloaded assembly
- Completed reload, in  1.319 seconds
Platform modules already initialized, skipping
Shader 'Universal Render Pipeline/Particles/Lit': fallback shader 'Universal Render Pipeline/Particles/SimpleLit' not found
Shader 'Universal Render Pipeline/Particles/Lit': fallback shader 'Universal Render Pipeline/Particles/SimpleLit' not found
Refreshing native plugins compatible for Editor in 0.52 ms, found 0 plugins.
Preloading 0 native plugins for Editor in 0.00 ms.
Unloading 2381 Unused Serialized files (Serialized files now loaded: 0)
System memory in use before: 116.8 MB.
System memory in use after: 114.0 MB.

Unloading 40 unused Assets to reduce memory usage. Loaded Objects now: 3009.
Total: 4.080600 ms (FindLiveObjects: 0.268900 ms CreateObjectMapping: 0.140000 ms MarkObjects: 1.985700 ms  DeleteObjects: 1.684500 ms)

========================================================================
Received Prepare
Registering precompiled user dll's ...
Registered in 0.001457 seconds.
Begin MonoManager ReloadAssembly
Native extension for WindowsStandalone target not found
Native extension for WebGL target not found
Refreshing native plugins compatible for Editor in 0.48 ms, found 0 plugins.
Preloading 0 native plugins for Editor in 0.00 ms.
Mono: successfully reloaded assembly
- Completed reload, in  1.439 seconds
Platform modules already initialized, skipping
Shader 'Universal Render Pipeline/Particles/Lit': fallback shader 'Universal Render Pipeline/Particles/SimpleLit' not found
Shader 'Universal Render Pipeline/Particles/Lit': fallback shader 'Universal Render Pipeline/Particles/SimpleLit' not found
Refreshing native plugins compatible for Editor in 0.52 ms, found 0 plugins.
Preloading 0 native plugins for Editor in 0.00 ms.
Unloading 2381 Unused Serialized files (Serialized files now loaded: 0)
System memory in use before: 116.8 MB.
System memory in use after: 114.0 MB.

Unloading 40 unused Assets to reduce memory usage. Loaded Objects now: 3012.
Total: 7.159800 ms (FindLiveObjects: 1.118300 ms CreateObjectMapping: 0.447600 ms MarkObjects: 2.960700 ms  DeleteObjects: 2.630300 ms)

========================================================================
Received Prepare
Registering precompiled user dll's ...
Registered in 0.001802 seconds.
Begin MonoManager ReloadAssembly
Native extension for WindowsStandalone target not found
Native extension for WebGL target not found
Refreshing native plugins compatible for Editor in 0.38 ms, found 0 plugins.
Preloading 0 native plugins for Editor in 0.00 ms.
Mono: successfully reloaded assembly
- Completed reload, in  1.282 seconds
Platform modules already initialized, skipping
Shader 'Universal Render Pipeline/Particles/Lit': fallback shader 'Universal Render Pipeline/Particles/SimpleLit' not found
Shader 'Universal Render Pipeline/Particles/Lit': fallback shader 'Universal Render Pipeline/Particles/SimpleLit' not found
Refreshing native plugins compatible for Editor in 0.59 ms, found 0 plugins.
Preloading 0 native plugins for Editor in 0.00 ms.
Unloading 2381 Unused Serialized files (Serialized files now loaded: 0)
System memory in use before: 116.8 MB.
System memory in use after: 114.0 MB.

Unloading 40 unused Assets to reduce memory usage. Loaded Objects now: 3015.
Total: 5.574100 ms (FindLiveObjects: 0.411300 ms CreateObjectMapping: 0.180200 ms MarkObjects: 2.762000 ms  DeleteObjects: 2.219200 ms)

========================================================================
Received Import Request.
  Time since last request: 1408.239511 seconds.
  path: Assets/Animations/Sprite.controller
  artifactKey: Guid(d0db0f65041832a4082889c4ca9341b5) Importer(815301076,1909f56bfc062723c751e8b465ee728b)
Start importing Assets/Animations/Sprite.controller using Guid(d0db0f65041832a4082889c4ca9341b5) Importer(815301076,1909f56bfc062723c751e8b465ee728b)  -> (artifact id: '4d6b0527d42745681bf91c8aa691388f') in 0.028494 seconds
  Import took 0.034543 seconds .

========================================================================
Received Prepare
Registering precompiled user dll's ...
Registered in 0.002421 seconds.
Begin MonoManager ReloadAssembly
Native extension for WindowsStandalone target not found
Native extension for WebGL target not found
Refreshing native plugins compatible for Editor in 0.48 ms, found 0 plugins.
Preloading 0 native plugins for Editor in 0.00 ms.
Mono: successfully reloaded assembly
- Completed reload, in  1.426 seconds
Platform modules already initialized, skipping
Shader 'Universal Render Pipeline/Particles/Lit': fallback shader 'Universal Render Pipeline/Particles/SimpleLit' not found
Shader 'Universal Render Pipeline/Particles/Lit': fallback shader 'Universal Render Pipeline/Particles/SimpleLit' not found
Refreshing native plugins compatible for Editor in 0.51 ms, found 0 plugins.
Preloading 0 native plugins for Editor in 0.00 ms.
Unloading 2381 Unused Serialized files (Serialized files now loaded: 0)
System memory in use before: 116.8 MB.
System memory in use after: 114.0 MB.

Unloading 40 unused Assets to reduce memory usage. Loaded Objects now: 3018.
Total: 5.912200 ms (FindLiveObjects: 0.563200 ms CreateObjectMapping: 0.501800 ms MarkObjects: 2.672300 ms  DeleteObjects: 2.172700 ms)

========================================================================
Received Prepare
Registering precompiled user dll's ...
Registered in 0.001913 seconds.
Begin MonoManager ReloadAssembly
Native extension for WindowsStandalone target not found
Native extension for WebGL target not found
Refreshing native plugins compatible for Editor in 0.49 ms, found 0 plugins.
Preloading 0 native plugins for Editor in 0.00 ms.
Mono: successfully reloaded assembly
- Completed reload, in  1.476 seconds
Platform modules already initialized, skipping
Shader 'Universal Render Pipeline/Particles/Lit': fallback shader 'Universal Render Pipeline/Particles/SimpleLit' not found
Shader 'Universal Render Pipeline/Particles/Lit': fallback shader 'Universal Render Pipeline/Particles/SimpleLit' not found
Refreshing native plugins compatible for Editor in 0.50 ms, found 0 plugins.
Preloading 0 native plugins for Editor in 0.00 ms.
Unloading 2381 Unused Serialized files (Serialized files now loaded: 0)
System memory in use before: 116.7 MB.
System memory in use after: 113.9 MB.

Unloading 40 unused Assets to reduce memory usage. Loaded Objects now: 3021.
Total: 3.989300 ms (FindLiveObjects: 0.273000 ms CreateObjectMapping: 0.140700 ms MarkObjects: 1.943500 ms  DeleteObjects: 1.630600 ms)

========================================================================
Received Prepare
Registering precompiled user dll's ...
Registered in 0.002432 seconds.
Begin MonoManager ReloadAssembly
Native extension for WindowsStandalone target not found
Native extension for WebGL target not found
Refreshing native plugins compatible for Editor in 0.49 ms, found 0 plugins.
Preloading 0 native plugins for Editor in 0.00 ms.
Mono: successfully reloaded assembly
- Completed reload, in  1.619 seconds
Platform modules already initialized, skipping
Shader 'Universal Render Pipeline/Particles/Lit': fallback shader 'Universal Render Pipeline/Particles/SimpleLit' not found
Shader 'Universal Render Pipeline/Particles/Lit': fallback shader 'Universal Render Pipeline/Particles/SimpleLit' not found
Refreshing native plugins compatible for Editor in 0.46 ms, found 0 plugins.
Preloading 0 native plugins for Editor in 0.00 ms.
Unloading 2381 Unused Serialized files (Serialized files now loaded: 0)
System memory in use before: 116.8 MB.
System memory in use after: 114.0 MB.

Unloading 40 unused Assets to reduce memory usage. Loaded Objects now: 3024.
Total: 5.297100 ms (FindLiveObjects: 0.383800 ms CreateObjectMapping: 0.203600 ms MarkObjects: 2.363400 ms  DeleteObjects: 2.344900 ms)

========================================================================
Received Prepare
Registering precompiled user dll's ...
Registered in 0.001596 seconds.
Begin MonoManager ReloadAssembly
Native extension for WindowsStandalone target not found
Native extension for WebGL target not found
Refreshing native plugins compatible for Editor in 0.37 ms, found 0 plugins.
Preloading 0 native plugins for Editor in 0.00 ms.
Mono: successfully reloaded assembly
- Completed reload, in  1.320 seconds
Platform modules already initialized, skipping
Shader 'Universal Render Pipeline/Particles/Lit': fallback shader 'Universal Render Pipeline/Particles/SimpleLit' not found
Shader 'Universal Render Pipeline/Particles/Lit': fallback shader 'Universal Render Pipeline/Particles/SimpleLit' not found
Refreshing native plugins compatible for Editor in 0.51 ms, found 0 plugins.
Preloading 0 native plugins for Editor in 0.00 ms.
Unloading 2381 Unused Serialized files (Serialized files now loaded: 0)
System memory in use before: 116.8 MB.
System memory in use after: 114.0 MB.

Unloading 40 unused Assets to reduce memory usage. Loaded Objects now: 3027.
Total: 4.842000 ms (FindLiveObjects: 0.351000 ms CreateObjectMapping: 0.177000 ms MarkObjects: 2.348700 ms  DeleteObjects: 1.963100 ms)

========================================================================
Received Prepare
Registering precompiled user dll's ...
Registered in 0.002466 seconds.
Begin MonoManager ReloadAssembly
Native extension for WindowsStandalone target not found
Native extension for WebGL target not found
Refreshing native plugins compatible for Editor in 0.37 ms, found 0 plugins.
Preloading 0 native plugins for Editor in 0.00 ms.
Mono: successfully reloaded assembly
- Completed reload, in  1.213 seconds
Platform modules already initialized, skipping
Shader 'Universal Render Pipeline/Particles/Lit': fallback shader 'Universal Render Pipeline/Particles/SimpleLit' not found
Shader 'Universal Render Pipeline/Particles/Lit': fallback shader 'Universal Render Pipeline/Particles/SimpleLit' not found
Refreshing native plugins compatible for Editor in 0.53 ms, found 0 plugins.
Preloading 0 native plugins for Editor in 0.00 ms.
Unloading 2381 Unused Serialized files (Serialized files now loaded: 0)
System memory in use before: 116.8 MB.
System memory in use after: 114.0 MB.

Unloading 40 unused Assets to reduce memory usage. Loaded Objects now: 3030.
Total: 6.517700 ms (FindLiveObjects: 0.434300 ms CreateObjectMapping: 0.290100 ms MarkObjects: 3.310700 ms  DeleteObjects: 2.480400 ms)

========================================================================
Received Prepare
Registering precompiled user dll's ...
Registered in 0.002409 seconds.
Begin MonoManager ReloadAssembly
Native extension for WindowsStandalone target not found
Native extension for WebGL target not found
Refreshing native plugins compatible for Editor in 0.41 ms, found 0 plugins.
Preloading 0 native plugins for Editor in 0.00 ms.
Mono: successfully reloaded assembly
- Completed reload, in  1.230 seconds
Platform modules already initialized, skipping
Shader 'Universal Render Pipeline/Particles/Lit': fallback shader 'Universal Render Pipeline/Particles/SimpleLit' not found
Shader 'Universal Render Pipeline/Particles/Lit': fallback shader 'Universal Render Pipeline/Particles/SimpleLit' not found
Refreshing native plugins compatible for Editor in 0.43 ms, found 0 plugins.
Preloading 0 native plugins for Editor in 0.00 ms.
Unloading 2381 Unused Serialized files (Serialized files now loaded: 0)
System memory in use before: 116.8 MB.
System memory in use after: 114.1 MB.

Unloading 40 unused Assets to reduce memory usage. Loaded Objects now: 3033.
Total: 4.736500 ms (FindLiveObjects: 0.284000 ms CreateObjectMapping: 0.162800 ms MarkObjects: 2.362100 ms  DeleteObjects: 1.926200 ms)

========================================================================
Received Prepare
Registering precompiled user dll's ...
Registered in 0.001646 seconds.
Begin MonoManager ReloadAssembly
Native extension for WindowsStandalone target not found
Native extension for WebGL target not found
Refreshing native plugins compatible for Editor in 0.37 ms, found 0 plugins.
Preloading 0 native plugins for Editor in 0.00 ms.
Mono: successfully reloaded assembly
- Completed reload, in  1.402 seconds
Platform modules already initialized, skipping
Shader 'Universal Render Pipeline/Particles/Lit': fallback shader 'Universal Render Pipeline/Particles/SimpleLit' not found
Shader 'Universal Render Pipeline/Particles/Lit': fallback shader 'Universal Render Pipeline/Particles/SimpleLit' not found
Refreshing native plugins compatible for Editor in 0.50 ms, found 0 plugins.
Preloading 0 native plugins for Editor in 0.00 ms.
Unloading 2381 Unused Serialized files (Serialized files now loaded: 0)
System memory in use before: 116.8 MB.
System memory in use after: 114.0 MB.

Unloading 40 unused Assets to reduce memory usage. Loaded Objects now: 3036.
Total: 5.399900 ms (FindLiveObjects: 0.348400 ms CreateObjectMapping: 0.205500 ms MarkObjects: 2.685600 ms  DeleteObjects: 2.158300 ms)

========================================================================
Received Prepare
Registering precompiled user dll's ...
Registered in 0.001793 seconds.
Begin MonoManager ReloadAssembly
Native extension for WindowsStandalone target not found
Native extension for WebGL target not found
Refreshing native plugins compatible for Editor in 0.42 ms, found 0 plugins.
Preloading 0 native plugins for Editor in 0.00 ms.
Mono: successfully reloaded assembly
- Completed reload, in  1.480 seconds
Platform modules already initialized, skipping
Shader 'Universal Render Pipeline/Particles/Lit': fallback shader 'Universal Render Pipeline/Particles/SimpleLit' not found
Shader 'Universal Render Pipeline/Particles/Lit': fallback shader 'Universal Render Pipeline/Particles/SimpleLit' not found
Refreshing native plugins compatible for Editor in 0.55 ms, found 0 plugins.
Preloading 0 native plugins for Editor in 0.00 ms.
Unloading 2381 Unused Serialized files (Serialized files now loaded: 0)
System memory in use before: 116.8 MB.
System memory in use after: 114.1 MB.

Unloading 40 unused Assets to reduce memory usage. Loaded Objects now: 3039.
Total: 4.939000 ms (FindLiveObjects: 0.473900 ms CreateObjectMapping: 0.167800 ms MarkObjects: 2.454300 ms  DeleteObjects: 1.841100 ms)

========================================================================
Received Prepare
Registering precompiled user dll's ...
Registered in 0.001389 seconds.
Begin MonoManager ReloadAssembly
Native extension for WindowsStandalone target not found
Native extension for WebGL target not found
Refreshing native plugins compatible for Editor in 0.38 ms, found 0 plugins.
Preloading 0 native plugins for Editor in 0.00 ms.
Mono: successfully reloaded assembly
- Completed reload, in  1.334 seconds
Platform modules already initialized, skipping
Shader 'Universal Render Pipeline/Particles/Lit': fallback shader 'Universal Render Pipeline/Particles/SimpleLit' not found
Shader 'Universal Render Pipeline/Particles/Lit': fallback shader 'Universal Render Pipeline/Particles/SimpleLit' not found
Refreshing native plugins compatible for Editor in 0.55 ms, found 0 plugins.
Preloading 0 native plugins for Editor in 0.00 ms.
Unloading 2381 Unused Serialized files (Serialized files now loaded: 0)
System memory in use before: 116.8 MB.
System memory in use after: 114.1 MB.

Unloading 40 unused Assets to reduce memory usage. Loaded Objects now: 3042.
Total: 9.049400 ms (FindLiveObjects: 0.383400 ms CreateObjectMapping: 0.198900 ms MarkObjects: 4.482600 ms  DeleteObjects: 3.981300 ms)

========================================================================
Received Prepare
Registering precompiled user dll's ...
Registered in 0.001866 seconds.
Begin MonoManager ReloadAssembly
Native extension for WindowsStandalone target not found
Native extension for WebGL target not found
Refreshing native plugins compatible for Editor in 1.14 ms, found 0 plugins.
Preloading 0 native plugins for Editor in 0.00 ms.
Mono: successfully reloaded assembly
- Completed reload, in  2.061 seconds
Platform modules already initialized, skipping
Shader 'Universal Render Pipeline/Particles/Lit': fallback shader 'Universal Render Pipeline/Particles/SimpleLit' not found
Shader 'Universal Render Pipeline/Particles/Lit': fallback shader 'Universal Render Pipeline/Particles/SimpleLit' not found
Refreshing native plugins compatible for Editor in 0.57 ms, found 0 plugins.
Preloading 0 native plugins for Editor in 0.00 ms.
Unloading 2381 Unused Serialized files (Serialized files now loaded: 0)
System memory in use before: 116.9 MB.
System memory in use after: 114.1 MB.

Unloading 40 unused Assets to reduce memory usage. Loaded Objects now: 3045.
Total: 4.912600 ms (FindLiveObjects: 0.307100 ms CreateObjectMapping: 0.166500 ms MarkObjects: 2.506400 ms  DeleteObjects: 1.931100 ms)

========================================================================
Received Prepare
Registering precompiled user dll's ...
Registered in 0.001818 seconds.
Begin MonoManager ReloadAssembly
Native extension for WindowsStandalone target not found
Native extension for WebGL target not found
Refreshing native plugins compatible for Editor in 0.43 ms, found 0 plugins.
Preloading 0 native plugins for Editor in 0.00 ms.
Mono: successfully reloaded assembly
- Completed reload, in  1.327 seconds
Platform modules already initialized, skipping
Shader 'Universal Render Pipeline/Particles/Lit': fallback shader 'Universal Render Pipeline/Particles/SimpleLit' not found
Shader 'Universal Render Pipeline/Particles/Lit': fallback shader 'Universal Render Pipeline/Particles/SimpleLit' not found
Refreshing native plugins compatible for Editor in 0.47 ms, found 0 plugins.
Preloading 0 native plugins for Editor in 0.00 ms.
Unloading 2381 Unused Serialized files (Serialized files now loaded: 0)
System memory in use before: 116.9 MB.
System memory in use after: 114.1 MB.

Unloading 40 unused Assets to reduce memory usage. Loaded Objects now: 3048.
Total: 4.419400 ms (FindLiveObjects: 0.288800 ms CreateObjectMapping: 0.130700 ms MarkObjects: 2.274600 ms  DeleteObjects: 1.723800 ms)

========================================================================
Received Import Request.
  Time since last request: 1644.313765 seconds.
  path: Assets/TutorialInfo
  artifactKey: Guid(49110bb8dcada46328ad741970bce702) Importer(815301076,1909f56bfc062723c751e8b465ee728b)
Start importing Assets/TutorialInfo using Guid(49110bb8dcada46328ad741970bce702) Importer(815301076,1909f56bfc062723c751e8b465ee728b)  -> (artifact id: '634456bad4a6d90c04ba0dad39dcf9f3') in 0.011763 seconds
  Import took 0.028700 seconds .

========================================================================
Received Import Request.
  Time since last request: 17.106343 seconds.
  path: Assets/Animations/PlaceholderJumpUp.anim
  artifactKey: Guid(2af0ad95ab69a264faf0b7ce45c6ae39) Importer(815301076,1909f56bfc062723c751e8b465ee728b)
Start importing Assets/Animations/PlaceholderJumpUp.anim using Guid(2af0ad95ab69a264faf0b7ce45c6ae39) Importer(815301076,1909f56bfc062723c751e8b465ee728b)  -> (artifact id: '7f1c51b907a49992e7d05070dbdaec27') in 0.014175 seconds
  Import took 0.018770 seconds .

========================================================================
Received Import Request.
  Time since last request: 0.800614 seconds.
  path: Assets/Animations/PlaceholderJumpDown.anim
  artifactKey: Guid(2a3ff1b6620ad3745a741817d3ef731a) Importer(815301076,1909f56bfc062723c751e8b465ee728b)
Start importing Assets/Animations/PlaceholderJumpDown.anim using Guid(2a3ff1b6620ad3745a741817d3ef731a) Importer(815301076,1909f56bfc062723c751e8b465ee728b)  -> (artifact id: '23dfb82c99cbaf3c2684d8fe5a6570b5') in 0.008338 seconds
  Import took 0.024659 seconds .

========================================================================
Received Import Request.
  Time since last request: 41.512418 seconds.
  path: Assets/Animations/Sprite.controller
  artifactKey: Guid(d0db0f65041832a4082889c4ca9341b5) Importer(815301076,1909f56bfc062723c751e8b465ee728b)
Start importing Assets/Animations/Sprite.controller using Guid(d0db0f65041832a4082889c4ca9341b5) Importer(815301076,1909f56bfc062723c751e8b465ee728b)  -> (artifact id: 'c8c0e688823dcfa2f14cd06b2dfd7929') in 0.018939 seconds
  Import took 0.027427 seconds .

========================================================================
Received Prepare
Registering precompiled user dll's ...
Registered in 0.003734 seconds.
Begin MonoManager ReloadAssembly
Native extension for WindowsStandalone target not found
Native extension for WebGL target not found
Refreshing native plugins compatible for Editor in 0.76 ms, found 0 plugins.
Preloading 0 native plugins for Editor in 0.00 ms.
Mono: successfully reloaded assembly
- Completed reload, in  1.997 seconds
Platform modules already initialized, skipping
Shader 'Universal Render Pipeline/Particles/Lit': fallback shader 'Universal Render Pipeline/Particles/SimpleLit' not found
Shader 'Universal Render Pipeline/Particles/Lit': fallback shader 'Universal Render Pipeline/Particles/SimpleLit' not found
Refreshing native plugins compatible for Editor in 0.77 ms, found 0 plugins.
Preloading 0 native plugins for Editor in 0.00 ms.
Unloading 2381 Unused Serialized files (Serialized files now loaded: 0)
System memory in use before: 116.8 MB.
System memory in use after: 114.0 MB.

Unloading 40 unused Assets to reduce memory usage. Loaded Objects now: 3051.
Total: 8.027400 ms (FindLiveObjects: 0.798300 ms CreateObjectMapping: 0.380400 ms MarkObjects: 3.721700 ms  DeleteObjects: 3.123900 ms)

========================================================================
Received Prepare
Registering precompiled user dll's ...
Registered in 0.001541 seconds.
Begin MonoManager ReloadAssembly
Native extension for WindowsStandalone target not found
Native extension for WebGL target not found
Refreshing native plugins compatible for Editor in 0.55 ms, found 0 plugins.
Preloading 0 native plugins for Editor in 0.00 ms.
Mono: successfully reloaded assembly
- Completed reload, in  1.850 seconds
Platform modules already initialized, skipping
Shader 'Universal Render Pipeline/Particles/Lit': fallback shader 'Universal Render Pipeline/Particles/SimpleLit' not found
Shader 'Universal Render Pipeline/Particles/Lit': fallback shader 'Universal Render Pipeline/Particles/SimpleLit' not found
Refreshing native plugins compatible for Editor in 0.62 ms, found 0 plugins.
Preloading 0 native plugins for Editor in 0.00 ms.
Unloading 2381 Unused Serialized files (Serialized files now loaded: 0)
System memory in use before: 116.9 MB.
System memory in use after: 114.1 MB.

Unloading 40 unused Assets to reduce memory usage. Loaded Objects now: 3054.
Total: 7.787400 ms (FindLiveObjects: 0.487200 ms CreateObjectMapping: 0.257700 ms MarkObjects: 3.530700 ms  DeleteObjects: 3.509300 ms)

========================================================================
Received Prepare
Registering precompiled user dll's ...
Registered in 0.001618 seconds.
Begin MonoManager ReloadAssembly
Native extension for WindowsStandalone target not found
Native extension for WebGL target not found
Refreshing native plugins compatible for Editor in 0.44 ms, found 0 plugins.
Preloading 0 native plugins for Editor in 0.00 ms.
Mono: successfully reloaded assembly
- Completed reload, in  1.450 seconds
Platform modules already initialized, skipping
Shader 'Universal Render Pipeline/Particles/Lit': fallback shader 'Universal Render Pipeline/Particles/SimpleLit' not found
Shader 'Universal Render Pipeline/Particles/Lit': fallback shader 'Universal Render Pipeline/Particles/SimpleLit' not found
Refreshing native plugins compatible for Editor in 0.73 ms, found 0 plugins.
Preloading 0 native plugins for Editor in 0.00 ms.
Unloading 2381 Unused Serialized files (Serialized files now loaded: 0)
System memory in use before: 116.9 MB.
System memory in use after: 114.1 MB.

Unloading 40 unused Assets to reduce memory usage. Loaded Objects now: 3057.
Total: 5.045600 ms (FindLiveObjects: 0.500900 ms CreateObjectMapping: 0.193000 ms MarkObjects: 2.472600 ms  DeleteObjects: 1.877300 ms)

========================================================================
Received Prepare
Registering precompiled user dll's ...
Registered in 0.001703 seconds.
Begin MonoManager ReloadAssembly
Native extension for WindowsStandalone target not found
Native extension for WebGL target not found
Refreshing native plugins compatible for Editor in 0.53 ms, found 0 plugins.
Preloading 0 native plugins for Editor in 0.00 ms.
Mono: successfully reloaded assembly
- Completed reload, in  1.575 seconds
Platform modules already initialized, skipping
Shader 'Universal Render Pipeline/Particles/Lit': fallback shader 'Universal Render Pipeline/Particles/SimpleLit' not found
Shader 'Universal Render Pipeline/Particles/Lit': fallback shader 'Universal Render Pipeline/Particles/SimpleLit' not found
Refreshing native plugins compatible for Editor in 0.53 ms, found 0 plugins.
Preloading 0 native plugins for Editor in 0.00 ms.
Unloading 2381 Unused Serialized files (Serialized files now loaded: 0)
System memory in use before: 116.8 MB.
System memory in use after: 114.1 MB.

Unloading 40 unused Assets to reduce memory usage. Loaded Objects now: 3060.
Total: 5.524900 ms (FindLiveObjects: 0.351000 ms CreateObjectMapping: 0.180700 ms MarkObjects: 2.902300 ms  DeleteObjects: 2.089500 ms)

========================================================================
Received Prepare
Registering precompiled user dll's ...
Registered in 0.001789 seconds.
Begin MonoManager ReloadAssembly
Native extension for WindowsStandalone target not found
Native extension for WebGL target not found
Refreshing native plugins compatible for Editor in 1.19 ms, found 0 plugins.
Preloading 0 native plugins for Editor in 0.00 ms.
Mono: successfully reloaded assembly
- Completed reload, in  3.403 seconds
Platform modules already initialized, skipping
Shader 'Universal Render Pipeline/Particles/Lit': fallback shader 'Universal Render Pipeline/Particles/SimpleLit' not found
Shader 'Universal Render Pipeline/Particles/Lit': fallback shader 'Universal Render Pipeline/Particles/SimpleLit' not found
Refreshing native plugins compatible for Editor in 0.49 ms, found 0 plugins.
Preloading 0 native plugins for Editor in 0.00 ms.
Unloading 2381 Unused Serialized files (Serialized files now loaded: 0)
System memory in use before: 116.9 MB.
System memory in use after: 114.1 MB.

Unloading 40 unused Assets to reduce memory usage. Loaded Objects now: 3063.
Total: 4.646900 ms (FindLiveObjects: 0.338600 ms CreateObjectMapping: 0.170600 ms MarkObjects: 2.317900 ms  DeleteObjects: 1.818200 ms)

========================================================================
Received Prepare
Registering precompiled user dll's ...
Registered in 0.002671 seconds.
Begin MonoManager ReloadAssembly
Native extension for WindowsStandalone target not found
Native extension for WebGL target not found
Refreshing native plugins compatible for Editor in 0.46 ms, found 0 plugins.
Preloading 0 native plugins for Editor in 0.00 ms.
Mono: successfully reloaded assembly
- Completed reload, in  1.868 seconds
Platform modules already initialized, skipping
Shader 'Universal Render Pipeline/Particles/Lit': fallback shader 'Universal Render Pipeline/Particles/SimpleLit' not found
Shader 'Universal Render Pipeline/Particles/Lit': fallback shader 'Universal Render Pipeline/Particles/SimpleLit' not found
Refreshing native plugins compatible for Editor in 0.62 ms, found 0 plugins.
Preloading 0 native plugins for Editor in 0.00 ms.
Unloading 2381 Unused Serialized files (Serialized files now loaded: 0)
System memory in use before: 116.8 MB.
System memory in use after: 114.0 MB.

Unloading 40 unused Assets to reduce memory usage. Loaded Objects now: 3066.
Total: 6.147300 ms (FindLiveObjects: 0.371400 ms CreateObjectMapping: 0.205200 ms MarkObjects: 2.977800 ms  DeleteObjects: 2.590700 ms)

========================================================================
Received Import Request.
  Time since last request: 515.696160 seconds.
  path: Assets/Scripts/CameraTracking.cs
  artifactKey: Guid(948fa42f6fc03b34c8147c3605af89c2) Importer(815301076,1909f56bfc062723c751e8b465ee728b)
Start importing Assets/Scripts/CameraTracking.cs using Guid(948fa42f6fc03b34c8147c3605af89c2) Importer(815301076,1909f56bfc062723c751e8b465ee728b)  -> (artifact id: '5ec4453b846f3b2ad0393f46c7a703c7') in 0.013976 seconds
  Import took 0.038672 seconds .

========================================================================
Received Prepare
Registering precompiled user dll's ...
Registered in 0.001594 seconds.
Begin MonoManager ReloadAssembly
Native extension for WindowsStandalone target not found
Native extension for WebGL target not found
Refreshing native plugins compatible for Editor in 0.91 ms, found 0 plugins.
Preloading 0 native plugins for Editor in 0.00 ms.
Mono: successfully reloaded assembly
- Completed reload, in  1.714 seconds
Platform modules already initialized, skipping
Shader 'Universal Render Pipeline/Particles/Lit': fallback shader 'Universal Render Pipeline/Particles/SimpleLit' not found
Shader 'Universal Render Pipeline/Particles/Lit': fallback shader 'Universal Render Pipeline/Particles/SimpleLit' not found
Refreshing native plugins compatible for Editor in 0.60 ms, found 0 plugins.
Preloading 0 native plugins for Editor in 0.00 ms.
Unloading 2382 Unused Serialized files (Serialized files now loaded: 0)
System memory in use before: 116.9 MB.
System memory in use after: 114.2 MB.

Unloading 40 unused Assets to reduce memory usage. Loaded Objects now: 3070.
Total: 6.932000 ms (FindLiveObjects: 0.474200 ms CreateObjectMapping: 0.288600 ms MarkObjects: 3.536100 ms  DeleteObjects: 2.630600 ms)

========================================================================
Received Prepare
Registering precompiled user dll's ...
Registered in 0.002153 seconds.
Begin MonoManager ReloadAssembly
Native extension for WindowsStandalone target not found
Native extension for WebGL target not found
Refreshing native plugins compatible for Editor in 0.43 ms, found 0 plugins.
Preloading 0 native plugins for Editor in 0.00 ms.
Mono: successfully reloaded assembly
- Completed reload, in  1.324 seconds
Platform modules already initialized, skipping
Shader 'Universal Render Pipeline/Particles/Lit': fallback shader 'Universal Render Pipeline/Particles/SimpleLit' not found
Shader 'Universal Render Pipeline/Particles/Lit': fallback shader 'Universal Render Pipeline/Particles/SimpleLit' not found
Refreshing native plugins compatible for Editor in 1.17 ms, found 0 plugins.
Preloading 0 native plugins for Editor in 0.00 ms.
Unloading 2382 Unused Serialized files (Serialized files now loaded: 0)
System memory in use before: 116.9 MB.
System memory in use after: 114.2 MB.

Unloading 40 unused Assets to reduce memory usage. Loaded Objects now: 3073.
Total: 13.802000 ms (FindLiveObjects: 0.941000 ms CreateObjectMapping: 0.528700 ms MarkObjects: 6.694200 ms  DeleteObjects: 5.633500 ms)

========================================================================
Received Import Request.
  Time since last request: 28.349695 seconds.
  path: Assets/Scripts/CameraTracking.cs
  artifactKey: Guid(948fa42f6fc03b34c8147c3605af89c2) Importer(815301076,1909f56bfc062723c751e8b465ee728b)
Start importing Assets/Scripts/CameraTracking.cs using Guid(948fa42f6fc03b34c8147c3605af89c2) Importer(815301076,1909f56bfc062723c751e8b465ee728b)  -> (artifact id: '2e4177f94ebc0c9c228f3e0ca813f85c') in 0.019250 seconds
  Import took 0.035241 seconds .

========================================================================
Received Import Request.
  Time since last request: 75.034321 seconds.
  path: Assets/Scripts/CameraTracking.cs
  artifactKey: Guid(948fa42f6fc03b34c8147c3605af89c2) Importer(815301076,1909f56bfc062723c751e8b465ee728b)
Start importing Assets/Scripts/CameraTracking.cs using Guid(948fa42f6fc03b34c8147c3605af89c2) Importer(815301076,1909f56bfc062723c751e8b465ee728b)  -> (artifact id: '9fffbc76b9bfdbbc2489354f37d2debf') in 0.003713 seconds
  Import took 0.027269 seconds .

========================================================================
Received Prepare
Registering precompiled user dll's ...
Registered in 0.002301 seconds.
Begin MonoManager ReloadAssembly
Native extension for WindowsStandalone target not found
Native extension for WebGL target not found
Refreshing native plugins compatible for Editor in 0.40 ms, found 0 plugins.
Preloading 0 native plugins for Editor in 0.00 ms.
Mono: successfully reloaded assembly
- Completed reload, in  1.881 seconds
Platform modules already initialized, skipping
Shader 'Universal Render Pipeline/Particles/Lit': fallback shader 'Universal Render Pipeline/Particles/SimpleLit' not found
Shader 'Universal Render Pipeline/Particles/Lit': fallback shader 'Universal Render Pipeline/Particles/SimpleLit' not found
Refreshing native plugins compatible for Editor in 0.59 ms, found 0 plugins.
Preloading 0 native plugins for Editor in 0.00 ms.
Unloading 2382 Unused Serialized files (Serialized files now loaded: 0)
System memory in use before: 116.9 MB.
System memory in use after: 114.2 MB.

Unloading 40 unused Assets to reduce memory usage. Loaded Objects now: 3076.
Total: 7.841300 ms (FindLiveObjects: 0.671500 ms CreateObjectMapping: 0.376100 ms MarkObjects: 3.863400 ms  DeleteObjects: 2.926700 ms)

========================================================================
Received Prepare
Registering precompiled user dll's ...
Registered in 0.002249 seconds.
Begin MonoManager ReloadAssembly
Native extension for WindowsStandalone target not found
Native extension for WebGL target not found
Refreshing native plugins compatible for Editor in 0.56 ms, found 0 plugins.
Preloading 0 native plugins for Editor in 0.00 ms.
Mono: successfully reloaded assembly
- Completed reload, in  1.983 seconds
Platform modules already initialized, skipping
Shader 'Universal Render Pipeline/Particles/Lit': fallback shader 'Universal Render Pipeline/Particles/SimpleLit' not found
Shader 'Universal Render Pipeline/Particles/Lit': fallback shader 'Universal Render Pipeline/Particles/SimpleLit' not found
Refreshing native plugins compatible for Editor in 0.54 ms, found 0 plugins.
Preloading 0 native plugins for Editor in 0.00 ms.
Unloading 2382 Unused Serialized files (Serialized files now loaded: 0)
System memory in use before: 116.9 MB.
System memory in use after: 114.2 MB.

Unloading 40 unused Assets to reduce memory usage. Loaded Objects now: 3079.
Total: 8.144300 ms (FindLiveObjects: 0.579900 ms CreateObjectMapping: 0.278300 ms MarkObjects: 4.281600 ms  DeleteObjects: 3.002000 ms)

